<?xml version="1.0" encoding="UTF-8"?>
<!-- Generated by org.testng.reporters.JUnitXMLReporter -->
<testsuite hostname="Pegs2" failures="2" tests="2" name="tests" time="22.66" errors="0" timestamp="13 May 2020 04:57:02 GMT">
  <testcase classname="Reusable_BE.TC_Mobile_New_Modify_CancelBooking" name="Flow" time="4.573">
    <failure type="java.lang.AssertionError" message="expected [true] but found [false]">
      <![CDATA[java.lang.AssertionError: expected [true] but found [false]
	at Reusable_BE.TC_Mobile_New_Modify_CancelBooking.Flow(TC_Mobile_New_Modify_CancelBooking.java:212)
... Removed 29 stack frames]]>
    </failure>
  </testcase> <!-- Flow -->
  <testcase classname="Reusable_BE.TC_Mobile_New_Modify_CancelBooking" name="Flow" time="3.535">
    <failure type="java.lang.AssertionError" message="expected [true] but found [false]">
      <![CDATA[java.lang.AssertionError: expected [true] but found [false]
	at Reusable_BE.TC_Mobile_New_Modify_CancelBooking.Flow(TC_Mobile_New_Modify_CancelBooking.java:212)
... Removed 29 stack frames]]>
    </failure>
  </testcase> <!-- Flow -->
</testsuite> <!-- tests -->
